<?xml version="1.0" encoding="UTF-8"?>
<testsuite name="ru.employee_account_system.menus.OrganizationTests" tests="1" skipped="0" failures="0" errors="0" timestamp="2023-06-27T12:22:40" hostname="LAPTOP-OS992FP0" time="0.002">
  <properties/>
  <testcase name="test_that_department_is_added_to_the_organization()" classname="ru.employee_account_system.menus.OrganizationTests" time="0.002"/>
  <system-out><![CDATA[]]></system-out>
  <system-err><![CDATA[]]></system-err>
</testsuite>
