<?xml version="1.0" encoding="UTF-8"?>
<testsuite name="ru.employee_account_system.menus.DepartmentTests" tests="2" skipped="0" failures="0" errors="0" timestamp="2023-06-27T12:22:40" hostname="LAPTOP-OS992FP0" time="0.003">
  <properties/>
  <testcase name="test_that_department_is_()" classname="ru.employee_account_system.menus.DepartmentTests" time="0.002"/>
  <testcase name="test_that_department_is_created()" classname="ru.employee_account_system.menus.DepartmentTests" time="0.0"/>
  <system-out><![CDATA[]]></system-out>
  <system-err><![CDATA[]]></system-err>
</testsuite>
