<?xml version="1.0" encoding="UTF-8"?>
<testsuite name="ru.employee_account_system.menus.PositionTests" tests="2" skipped="0" failures="0" errors="0" timestamp="2023-06-27T12:22:40" hostname="LAPTOP-OS992FP0" time="0.002">
  <properties/>
  <testcase name="test_that_pay_is_set()" classname="ru.employee_account_system.menus.PositionTests" time="0.001"/>
  <testcase name="test_that_position_is_created()" classname="ru.employee_account_system.menus.PositionTests" time="0.001"/>
  <system-out><![CDATA[]]></system-out>
  <system-err><![CDATA[]]></system-err>
</testsuite>
