<?xml version="1.0" encoding="UTF-8"?>
<testsuite name="ru.employee_account_system.menus.EmployeeTests" tests="2" skipped="0" failures="0" errors="0" timestamp="2023-06-27T12:22:40" hostname="LAPTOP-OS992FP0" time="0.018">
  <properties/>
  <testcase name="test_that_Employee_is_created()" classname="ru.employee_account_system.menus.EmployeeTests" time="0.003"/>
  <testcase name="test_that_Employee_toString_is_corrected()" classname="ru.employee_account_system.menus.EmployeeTests" time="0.014"/>
  <system-out><![CDATA[]]></system-out>
  <system-err><![CDATA[]]></system-err>
</testsuite>
